Build started 4/4/2014 4:52:49 PM.
     1>Project "C:\Users\max\Documents\Trace\Game\Game.vcxproj" on node 2 (Build target(s)).
     1>ClCompile:
         C:\Program Files (x86)\Microsoft Visual Studio 11.0\VC\bin\x86_amd64\CL.exe /c /Zi /nologo /W3 /WX- /sdl /Od /D _MBCS /Gm /EHsc /RTC1 /MDd /GS /fp:precise /Zc:wchar_t /Zc:forScope /Fo".\Temp\Gamex64Debug\\" /Fd".\Temp\Gamex64Debug\vc110.pdb" /Gd /TP /errorReport:prompt Source\BaseAppLayer.cpp Source\main.cpp
         main.cpp
         BaseAppLayer.cpp
         Generating Code...
       Link:
         C:\Program Files (x86)\Microsoft Visual Studio 11.0\VC\bin\x86_amd64\link.exe /ERRORREPORT:PROMPT /OUT:".\Game\Gamex64Debug\Gamex64Debug.exe" /INCREMENTAL /NOLOGO kernel32.lib user32.lib gdi32.lib winspool.lib comdlg32.lib advapi32.lib shell32.lib ole32.lib oleaut32.lib uuid.lib odbc32.lib odbccp32.lib /MANIFEST /MANIFESTUAC:"level='asInvoker' uiAccess='false'" /manifest:embed /DEBUG /PDB:".\Game\Gamex64Debug\Gamex64Debug.pdb" /TLBID:1 /DYNAMICBASE /NXCOMPAT /IMPLIB:".\Game\Gamex64Debug\Gamex64Debug.lib" /MACHINE:X64 .\Temp\Gamex64Debug\BaseAppLayer.obj
         .\Temp\Gamex64Debug\DelayProcess.obj
         .\Temp\Gamex64Debug\GameViewLayer.obj
         .\Temp\Gamex64Debug\main.obj
         .\Temp\Gamex64Debug\MessageHub.obj
         .\Temp\Gamex64Debug\Event_WindowCreated.obj
         .\Temp\Gamex64Debug\Event_WindowDestroyed.obj
         .\Temp\Gamex64Debug\ProcessManager.obj
         Game.vcxproj -> C:\Users\max\Documents\Trace\Game\.\Game\Gamex64Debug\Gamex64Debug.exe
     1>Done Building Project "C:\Users\max\Documents\Trace\Game\Game.vcxproj" (Build target(s)).

Build succeeded.

Time Elapsed 00:00:04.59
