C:\USERS\MAX\DOCUMENTS\TRACE\GAME\TEMP\GAMEX64DEBUG\APPLAYER.OBJ
C:\USERS\MAX\DOCUMENTS\TRACE\GAME\TEMP\GAMEX64DEBUG\GAMEVIEWLAYER.OBJ
C:\USERS\MAX\DOCUMENTS\TRACE\GAME\TEMP\GAMEX64DEBUG\MAIN.OBJ
C:\USERS\MAX\DOCUMENTS\TRACE\GAME\TEMP\GAMEX64DEBUG\MESSAGEHUB.OBJ
C:\USERS\MAX\DOCUMENTS\TRACE\GAME\TEMP\GAMEX64DEBUG\EVENT_WINDOWCREATED.OBJ
C:\USERS\MAX\DOCUMENTS\TRACE\GAME\TEMP\GAMEX64DEBUG\EVENT_WINDOWDESTROYED.OBJ
C:\USERS\MAX\DOCUMENTS\TRACE\GAME\TEMP\GAMEX64DEBUG\VC110.PDB
C:\USERS\MAX\DOCUMENTS\TRACE\GAME\GAME\GAMEX64DEBUG\GAMEX64DEBUG.ILK
C:\USERS\MAX\DOCUMENTS\TRACE\GAME\GAME\GAMEX64DEBUG\GAMEX64DEBUG.EXE
C:\USERS\MAX\DOCUMENTS\TRACE\GAME\GAME\GAMEX64DEBUG\GAMEX64DEBUG.PDB
C:\Users\max\Documents\Trace\Game\Temp\Gamex64Debug\AppLayer.obj
C:\Users\max\Documents\Trace\Game\Temp\Gamex64Debug\Event_WindowCreated.obj
C:\Users\max\Documents\Trace\Game\Temp\Gamex64Debug\Event_WindowDestroyed.obj
C:\Users\max\Documents\Trace\Game\Temp\Gamex64Debug\GameViewLayer.obj
C:\Users\max\Documents\Trace\Game\Temp\Gamex64Debug\main.obj
C:\Users\max\Documents\Trace\Game\Temp\Gamex64Debug\MessageHub.obj
C:\Users\max\Documents\Trace\Game\Temp\Gamex64Debug\cl.command.1.tlog
C:\Users\max\Documents\Trace\Game\Temp\Gamex64Debug\CL.read.1.tlog
C:\Users\max\Documents\Trace\Game\Temp\Gamex64Debug\CL.write.1.tlog
C:\Users\max\Documents\Trace\Game\Temp\Gamex64Debug\link-cvtres.read.1.tlog
C:\Users\max\Documents\Trace\Game\Temp\Gamex64Debug\link-cvtres.write.1.tlog
C:\Users\max\Documents\Trace\Game\Temp\Gamex64Debug\link-rc.read.1.tlog
C:\Users\max\Documents\Trace\Game\Temp\Gamex64Debug\link-rc.write.1.tlog
C:\Users\max\Documents\Trace\Game\Temp\Gamex64Debug\link.13340-cvtres.read.1.tlog
C:\Users\max\Documents\Trace\Game\Temp\Gamex64Debug\link.13340-cvtres.write.1.tlog
C:\Users\max\Documents\Trace\Game\Temp\Gamex64Debug\link.13340-rc.read.1.tlog
C:\Users\max\Documents\Trace\Game\Temp\Gamex64Debug\link.13340-rc.write.1.tlog
C:\Users\max\Documents\Trace\Game\Temp\Gamex64Debug\link.13340.read.1.tlog
C:\Users\max\Documents\Trace\Game\Temp\Gamex64Debug\link.13340.write.1.tlog
C:\Users\max\Documents\Trace\Game\Temp\Gamex64Debug\link.command.1.tlog
C:\Users\max\Documents\Trace\Game\Temp\Gamex64Debug\link.read.1.tlog
C:\Users\max\Documents\Trace\Game\Temp\Gamex64Debug\link.write.1.tlog
C:\Users\max\Documents\Trace\Game\Temp\Gamex64Debug\vc110.idb
C:\Users\max\Documents\Trace\Game\Temp\Gamex64Debug\vc110.pdb
C:\Users\max\Documents\Trace\Game\.\Game\Gamex64Debug\Gamex64Debug.exe
