C:\USERS\MAX\DOCUMENTS\TRACE\ENGINE\TEMP\ENGINEX64DEBUG\DELAYPROCESS.OBJ
C:\USERS\MAX\DOCUMENTS\TRACE\ENGINE\TEMP\ENGINEX64DEBUG\GAMEVIEWLAYER.OBJ
C:\USERS\MAX\DOCUMENTS\TRACE\ENGINE\TEMP\ENGINEX64DEBUG\MESSAGEHUB.OBJ
C:\USERS\MAX\DOCUMENTS\TRACE\ENGINE\TEMP\ENGINEX64DEBUG\EVENT_WINDOWCREATED.OBJ
C:\USERS\MAX\DOCUMENTS\TRACE\ENGINE\TEMP\ENGINEX64DEBUG\EVENT_WINDOWDESTROYED.OBJ
C:\USERS\MAX\DOCUMENTS\TRACE\ENGINE\TEMP\ENGINEX64DEBUG\PROCESSMANAGER.OBJ
C:\USERS\MAX\DOCUMENTS\TRACE\ENGINE\TEMP\ENGINEX64DEBUG\VC110.PDB
C:\USERS\MAX\DOCUMENTS\TRACE\ENGINE\TEMP\ENGINEX64DEBUG\BASEAPPLAYER.OBJ
C:\USERS\MAX\DOCUMENTS\TRACE\ENGINE\TEMP\ENGINEX64DEBUG\MAIN.OBJ
C:\USERS\MAX\DOCUMENTS\TRACE\ENGINE\LIB\ENGINEX64DEBUG\ENGINEX64DEBUG.LIB
C:\Users\max\Documents\Trace\Engine\Temp\Enginex64Debug\BaseAppLayer.obj
C:\Users\max\Documents\Trace\Engine\Temp\Enginex64Debug\DelayProcess.obj
C:\Users\max\Documents\Trace\Engine\Temp\Enginex64Debug\Event_WindowCreated.obj
C:\Users\max\Documents\Trace\Engine\Temp\Enginex64Debug\Event_WindowDestroyed.obj
C:\Users\max\Documents\Trace\Engine\Temp\Enginex64Debug\main.obj
C:\Users\max\Documents\Trace\Engine\Temp\Enginex64Debug\MessageHub.obj
C:\Users\max\Documents\Trace\Engine\Temp\Enginex64Debug\ProcessManager.obj
C:\Users\max\Documents\Trace\Engine\Temp\Enginex64Debug\cl.command.1.tlog
C:\Users\max\Documents\Trace\Engine\Temp\Enginex64Debug\CL.read.1.tlog
C:\Users\max\Documents\Trace\Engine\Temp\Enginex64Debug\CL.write.1.tlog
C:\Users\max\Documents\Trace\Engine\Temp\Enginex64Debug\Lib-link.read.1.tlog
C:\Users\max\Documents\Trace\Engine\Temp\Enginex64Debug\Lib-link.write.1.tlog
C:\Users\max\Documents\Trace\Engine\Temp\Enginex64Debug\lib.command.1.tlog
C:\Users\max\Documents\Trace\Engine\Temp\Enginex64Debug\vc110.idb
C:\Users\max\Documents\Trace\Engine\Temp\Enginex64Debug\vc110.pdb
C:\Users\max\Documents\Trace\Engine\.\Lib\Enginex64Debug\Enginex64Debug.lib
