Build started 4/8/2014 10:56:12 PM.
     1>Project "C:\Users\max\Documents\Trace\Engine\Game.vcxproj" on node 2 (Build target(s)).
     1>ClCompile:
         C:\Program Files (x86)\Microsoft Visual Studio 11.0\VC\bin\x86_amd64\CL.exe /c /Zi /nologo /W3 /WX- /sdl /Od /D _MBCS /Gm /EHsc /RTC1 /MDd /GS /fp:precise /Zc:wchar_t /Zc:forScope /Fo".\Temp\Enginex64Debug\\" /Fd".\Temp\Enginex64Debug\vc110.pdb" /Gd /TP /errorReport:prompt Source\BaseAppLayer.cpp Source\BaseGameViewLayer.cpp
         BaseGameViewLayer.cpp
     1>Source\BaseGameViewLayer.cpp(21): error C2039: 'windowCreatedEvent' : is not a member of 'BaseGameViewLayer'
                 c:\users\max\documents\trace\engine\source\BaseGameViewLayer.h(13) : see declaration of 'BaseGameViewLayer'
     1>Source\BaseGameViewLayer.cpp(21): error C2065: 'windowCreatedEvent' : undeclared identifier
     1>Source\BaseGameViewLayer.cpp(21): error C2975: 'TMethod' : invalid template argument for 'EventListenerDelegate::fromMethod', expected compile-time constant expression
                 c:\users\max\documents\trace\engine\source\EventListenerDelegate.h(22) : see declaration of 'TMethod'
     1>Source\BaseGameViewLayer.cpp(25): error C2039: 'windowDestroyedEvent' : is not a member of 'BaseGameViewLayer'
                 c:\users\max\documents\trace\engine\source\BaseGameViewLayer.h(13) : see declaration of 'BaseGameViewLayer'
     1>Source\BaseGameViewLayer.cpp(25): error C2065: 'windowDestroyedEvent' : undeclared identifier
     1>Source\BaseGameViewLayer.cpp(25): error C2975: 'TMethod' : invalid template argument for 'EventListenerDelegate::fromMethod', expected compile-time constant expression
                 c:\users\max\documents\trace\engine\source\EventListenerDelegate.h(22) : see declaration of 'TMethod'
         BaseAppLayer.cpp
         Generating Code...
     1>Done Building Project "C:\Users\max\Documents\Trace\Engine\Game.vcxproj" (Build target(s)) -- FAILED.

Build FAILED.

Time Elapsed 00:00:03.55
